<?xml version="1.0" encoding="UTF-8"?>
<testsuite xmlns:xsi="http://www.w3.org/2001/XMLSchema-instance" xsi:noNamespaceSchemaLocation="https://maven.apache.org/surefire/maven-surefire-plugin/xsd/surefire-test-report.xsd" name="hu.bme.mit.spaceship.GT4500Test" time="3.475" tests="11" errors="0" skipped="0" failures="0">
  <properties>
[...]
</properties>
  <testcase name="secondary_Single_Success" classname="hu.bme.mit.spaceship.GT4500Test" time="0.006"/>
  <testcase name="fireTorpedo_All_BothFail" classname="hu.bme.mit.spaceship.GT4500Test" time="0"/>
  <testcase name="fireTorpedo_secondEmptyFail" classname="hu.bme.mit.spaceship.GT4500Test" time="0"/>
  <testcase name="fireTorpedo_Single_Success" classname="hu.bme.mit.spaceship.GT4500Test" time="0"/>
  <testcase name="primary_Single_Success" classname="hu.bme.mit.spaceship.GT4500Test" time="0"/>
  <testcase name="fireTorpedo_Single_Failure" classname="hu.bme.mit.spaceship.GT4500Test" time="0"/>
  <testcase name="fireTorpedo_All_Success" classname="hu.bme.mit.spaceship.GT4500Test" time="0"/>
  <testcase name="fireTorpedo_" classname="hu.bme.mit.spaceship.GT4500Test" time="0"/>
  <testcase name="fireTorpedo_firstEmptyFail" classname="hu.bme.mit.spaceship.GT4500Test" time="0"/>
  <testcase name="fireTorpedo_firstEmptyTorpedoFail" classname="hu.bme.mit.spaceship.GT4500Test" time="0"/>
  <testcase name="fireTorpedo_All_Fail" classname="hu.bme.mit.spaceship.GT4500Test" time="0"/>
</testsuite>